0000000000000000 0000000000000004 B g_bsdErrno
0000000000000000 a __start__
0000000000000000 T _start
0000000000000000 b _TLS_MODULE_BASE_
0000000000000004 0000000000000004 B g_bsdResult
00000000000000e0 T __nx_exit
00000000000000f0 T __nx_mod0
0000000000000140 0000000000000034 T exit
0000000000000180 0000000000000384 T main
0000000000000520 t __do_global_dtors_aux
0000000000000580 t frame_dummy
00000000000005b0 0000000000000134 T parseArgs
00000000000006f0 000000000000017c t initController.part.0
0000000000000870 000000000000009c T attach
0000000000000910 0000000000000014 T detach
0000000000000930 0000000000000110 T advance_one_frame
0000000000000a40 0000000000000088 T getMainNsoBase
0000000000000ad0 0000000000000060 T getHeapBase
0000000000000b30 0000000000000054 T getTitleId
0000000000000b90 0000000000000144 T GetTitleVersion
0000000000000ce0 00000000000000d4 T getoutsize
0000000000000dc0 0000000000000078 T getBuildID
0000000000000e40 0000000000000134 T getMetaData
0000000000000f80 0000000000000030 T getIsProgramOpen
0000000000000fb0 00000000000000ac T detachController
0000000000001060 000000000000007c T poke
00000000000010e0 0000000000000050 T writeMem
0000000000001130 00000000000000d0 T peek
0000000000001200 0000000000000138 T peekInfinite
0000000000001340 0000000000000160 T peekMulti
00000000000014a0 0000000000000074 T press
0000000000001520 0000000000000074 T release
00000000000015a0 000000000000005c T click
0000000000001600 00000000000000a0 T setStickState
00000000000016a0 0000000000000138 T followMainPointer
00000000000017e0 0000000000000130 T touch
0000000000001910 0000000000000164 T key
0000000000001a80 000000000000023c T clickSequence
0000000000001cc0 000000000000007c T setControllerState
0000000000001d40 0000000000000060 T resetControllerState
0000000000001da0 0000000000000024 T initFreezes
0000000000001dd0 0000000000000074 T removeFromFreezeMap
0000000000001e50 00000000000000c0 T addToFreezeMap
0000000000001f10 0000000000000068 T getFreezeCount
0000000000001f80 0000000000000068 T clearFreezes
0000000000001ff0 00000000000001ec T sub_freeze
00000000000021e0 00000000000000ac T sub_touch
0000000000002290 000000000000008c T sub_key
0000000000002320 0000000000000094 T sub_click
00000000000023c0 0000000000000028 T __libnx_initheap
00000000000023f0 00000000000000ac T __appInit
00000000000024a0 0000000000000020 T __appExit
00000000000024c0 0000000000000060 T makeTouch
0000000000002520 000000000000004c T makeKeys
0000000000002570 0000000000001bf8 t argmain.part.0
0000000000004170 0000000000000024 T argmain
00000000000041a0 000000000000008c T setupServerSocket
0000000000004230 0000000000000044 T parseStringToInt
0000000000004280 0000000000000064 T parseStringToSignedLong
00000000000042f0 0000000000000184 T parseStringToByteBuffer
0000000000004480 00000000000002a4 T parseStringToButton
0000000000004730 000000000000015c T capsscCaptureForDebug
0000000000004890 00000000000000d4 T flashLed
0000000000004970 000000000000000c T eventLoadRemote
0000000000004980 0000000000000034 T eventWait
00000000000049c0 0000000000000054 T eventClose
0000000000004a20 00000000000000c8 T mutexLock
0000000000004af0 0000000000000068 T mutexUnlock
0000000000004b60 000000000000001c T mutexIsLockedByCurrentThread
0000000000004b80 0000000000000058 T rmutexLock
0000000000004be0 000000000000001c T rmutexUnlock
0000000000004c00 00000000000000b0 T __libnx_init_thread
0000000000004cb0 000000000000034c T threadCreate
0000000000005000 00000000000000a4 T threadExit
00000000000050b0 00000000000000ac t _EntryWrap
0000000000005160 0000000000000008 T threadStart
0000000000005170 0000000000000064 t _memregionInitWithInfo
00000000000051e0 0000000000000004 W __libnx_virtmem_rng
00000000000051f0 0000000000000164 t _memregionFindRandom
0000000000005360 0000000000000140 T virtmemSetup
00000000000054a0 000000000000000c T virtmemLock
00000000000054b0 000000000000000c T virtmemUnlock
00000000000054c0 0000000000000050 T virtmemFindStack
0000000000005510 000000000000057c T waitObjects
0000000000005a90 0000000000000104 t _audoutCleanup
0000000000005ba0 0000000000000048 T audoutExit
0000000000005bf0 0000000000000078 t _capsscCleanup
0000000000005c70 00000000000000b0 T capsscInitialize
0000000000005d20 000000000000000c T capsscGetServiceSession
0000000000005d30 00000000000001c4 t _fatalCmd
0000000000005f00 000000000000000c T fatalThrowWithPolicy
0000000000005f10 0000000000000014 T fatalThrow
0000000000005f30 00000000000000bc t _hiddbgCmdNoIO
0000000000005ff0 00000000000000c0 t _hiddbgCmdInU64NoOut
00000000000060b0 0000000000000078 t _hiddbgCleanup
0000000000006130 00000000000000e0 t _hiddbgCmdInHandle64OutU64.constprop.0
0000000000006210 00000000000000cc t _hiddbgCmdInHandle64NoOut.constprop.0
00000000000062e0 00000000000000a0 T hiddbgInitialize
0000000000006380 0000000000000048 T hiddbgExit
00000000000063d0 00000000000000e8 T hiddbgSetTouchScreenAutoPilotState
00000000000064c0 0000000000000008 T hiddbgUnsetTouchScreenAutoPilotState
00000000000064d0 00000000000000cc T hiddbgSetKeyboardAutoPilotState
00000000000065a0 0000000000000008 T hiddbgUnsetKeyboardAutoPilotState
00000000000065b0 0000000000000104 T hiddbgAttachHdlsWorkBuffer
00000000000066c0 00000000000000a4 T hiddbgReleaseHdlsWorkBuffer
0000000000006770 000000000000021c T hiddbgAttachHdlsVirtualDevice
0000000000006990 0000000000000060 T hiddbgDetachHdlsVirtualDevice
00000000000069f0 0000000000000230 T hiddbgSetHdlsState
0000000000006c20 0000000000000078 t _hidsysCleanup
0000000000006ca0 00000000000000b0 T hidsysInitialize
0000000000006d50 0000000000000048 T hidsysExit
0000000000006da0 0000000000000128 T hidsysGetUniquePadsFromNpad
0000000000006ed0 000000000000010c T hidsysSetNotificationLedPattern
0000000000006fe0 00000000000000c0 t _lblCmdInU64NoOut
00000000000070a0 0000000000000078 t _lblCleanup
0000000000007120 0000000000000098 T lblInitialize
00000000000071c0 0000000000000048 T lblExit
0000000000007210 0000000000000008 T lblSwitchBacklightOn
0000000000007220 0000000000000008 T lblSwitchBacklightOff
0000000000007230 0000000000000078 t _ldrDmntCleanup
00000000000072b0 00000000000000a0 T ldrDmntInitialize
0000000000007350 00000000000000f0 T ldrDmntGetProcessModuleInfo
0000000000007440 00000000000000c8 t _nsCleanup
0000000000007510 00000000000000f4 t _nsGetSession.isra.0
0000000000007610 0000000000000284 T nsInitialize
00000000000078a0 0000000000000048 T nsExit
00000000000078f0 000000000000005c T nsGetReadOnlyApplicationControlDataInterface
0000000000007950 0000000000000058 T nsGetApplicationManagerInterface
00000000000079b0 0000000000000058 T nsGetContentManagementInterface
0000000000007a10 0000000000000204 T nsGetApplicationControlData
0000000000007c20 00000000000001dc T nsListApplicationContentMetaStatus
0000000000007e00 00000000000000d0 t _pmCmdInU64OutU64
0000000000007ed0 0000000000000078 t _pmdmntCleanup
0000000000007f50 0000000000000078 t _pminfoCleanup
0000000000007fd0 00000000000000a0 T pmdmntInitialize
0000000000008070 00000000000000a0 T pminfoInitialize
0000000000008110 0000000000000044 T pmdmntGetProcessId
0000000000008160 00000000000000e4 T pmdmntGetApplicationProcessId
0000000000008250 0000000000000010 T pminfoGetProgramId
0000000000008260 0000000000000078 t _psmCleanup
00000000000082e0 00000000000000d0 t _psmCmdNoInOutU32.constprop.0
00000000000083b0 0000000000000098 T psmInitialize
0000000000008450 0000000000000048 T psmExit
00000000000084a0 0000000000000008 T psmGetBatteryChargePercentage
00000000000084b0 00000000000000d0 t _setsysGetFirmwareVersionImpl
0000000000008580 0000000000000078 t _setCleanup
0000000000008600 0000000000000078 t _setsysCleanup
0000000000008680 00000000000000c8 t _setCmdNoInOutU32.isra.0
0000000000008750 00000000000000c8 t _setCmdNoInOut64.isra.0
0000000000008820 00000000000000a0 T setInitialize
00000000000088c0 0000000000000048 T setExit
0000000000008910 00000000000000a0 T setsysInitialize
00000000000089b0 0000000000000048 T setsysExit
0000000000008a00 000000000000001c T setGetLanguageCode
0000000000008a20 0000000000000004 T setGetSystemLanguage
0000000000008a30 0000000000000070 T setGetAvailableLanguageCodeCount
0000000000008aa0 0000000000000174 T setGetAvailableLanguageCodes
0000000000008c20 0000000000000108 T setMakeLanguage
0000000000008d30 0000000000000048 T setsysGetFirmwareVersion
0000000000008d80 00000000000000cc t _smCmifCmdInPid
0000000000008e50 0000000000000078 t _smCleanup
0000000000008ed0 0000000000000048 T smAddOverrideHandle
0000000000008f20 0000000000000054 T smGetServiceOverride
0000000000008f80 00000000000001ac T smInitialize
0000000000009130 0000000000000048 T smExit
0000000000009180 00000000000000d0 T smGetServiceOriginal
0000000000009250 0000000000000120 T smGetServiceWrapper
0000000000009370 0000000000000230 t _viCleanup
00000000000095a0 0000000000000100 t _viCmdGetSessionNoParams.constprop.0
00000000000096a0 0000000000000368 T viInitialize
0000000000009a10 0000000000000048 T viExit
0000000000009a60 000000000000010c T viOpenDisplay
0000000000009b70 00000000000000ec T viCloseDisplay
0000000000009c60 0000000000000108 T viGetDisplayVsyncEvent
0000000000009d70 00000000000000e4 T viSetDisplayPowerState
0000000000009e60 0000000000000004 W __libnx_alloc
0000000000009e70 0000000000000014 W __libnx_aligned_alloc
0000000000009e90 0000000000000004 W __libnx_free
0000000000009ea0 000000000000001c W diagAbortWithResult
0000000000009ec0 0000000000000208 T envSetup
000000000000a0d0 0000000000000020 T envGetMainThreadHandle
000000000000a0f0 000000000000000c T envIsNso
000000000000a100 0000000000000014 T envHasArgv
000000000000a120 000000000000000c T envGetArgv
000000000000a130 000000000000000c T envGetExitFuncPtr
000000000000a140 000000000000000c T envHasRandomSeed
000000000000a150 0000000000000010 T envGetRandomSeed
000000000000a160 0000000000000014 T hosversionGet
000000000000a180 0000000000000010 T hosversionSet
000000000000a190 0000000000000120 T nacpGetLanguageEntry
000000000000a2b0 000000000000007c t _socketGetFd
000000000000a330 00000000000000a4 t _socketParseBsdResult.part.0
000000000000a3e0 0000000000000050 t _socketRead
000000000000a430 0000000000000050 t _socketWrite
000000000000a480 0000000000000044 t _socketClose
000000000000a4d0 000000000000008c t _socketOpen
000000000000a560 000000000000001c T socketExit
000000000000a580 00000000000001b4 T socketInitialize
000000000000a740 000000000000018c T poll
000000000000a8d0 0000000000000098 T socket
000000000000a970 000000000000005c T recv
000000000000a9d0 00000000000000a0 T accept
000000000000aa70 0000000000000060 T bind
000000000000aad0 0000000000000058 T listen
000000000000ab30 0000000000000068 T setsockopt
000000000000ab98 T svcSetMemoryPermission
000000000000aba0 T svcSetMemoryAttribute
000000000000aba8 T svcMapMemory
000000000000abb0 T svcUnmapMemory
000000000000abb8 T svcQueryMemory
000000000000abcc T svcExitProcess
000000000000abd4 T svcCreateThread
000000000000abe8 T svcStartThread
000000000000abf0 T svcExitThread
000000000000abf8 T svcSleepThread
000000000000ac00 T svcGetThreadPriority
000000000000ac14 T svcSetThreadPriority
000000000000ac1c T svcCreateTransferMemory
000000000000ac30 T svcCloseHandle
000000000000ac38 T svcResetSignal
000000000000ac40 T svcWaitSynchronization
000000000000ac54 T svcArbitrateLock
000000000000ac5c T svcArbitrateUnlock
000000000000ac64 T svcWaitProcessWideKeyAtomic
000000000000ac6c T svcSignalProcessWideKey
000000000000ac74 T svcConnectToNamedPort
000000000000ac88 T svcSendSyncRequest
000000000000ac90 T svcBreak
000000000000ac98 T svcReturnFromException
000000000000aca0 T svcGetInfo
000000000000acb4 T svcUnmapTransferMemory
000000000000acbc T svcDebugActiveProcess
000000000000acd0 T svcReadDebugProcessMemory
000000000000acd8 T svcWriteDebugProcessMemory
000000000000ace0 T __aarch64_read_tp
000000000000acf0 0000000000000410 T randomGet
000000000000b100 0000000000000020 T randomGet64
000000000000b120 00000000000000a8 T tmemCreate
000000000000b1d0 000000000000002c T tmemCreateFromMemory
000000000000b200 0000000000000034 T tmemUnmap
000000000000b240 0000000000000030 T tmemCloseHandle
000000000000b270 0000000000000050 T tmemClose
000000000000b2c0 000000000000000c T appletGetAppletResourceUserId
000000000000b2d0 00000000000000f4 t _bsdCleanup
000000000000b3d0 0000000000000144 t _bsdCmdInDomainTypeProtocol
000000000000b520 00000000000001ec t _bsdCmdInSockfdOutSockaddr
000000000000b710 00000000000001ac t _bsdCmdInSockfdSockaddr
000000000000b8c0 0000000000000124 t _bsdRegisterClient.constprop.0
000000000000b9f0 0000000000000358 T bsdInitialize
000000000000bd50 0000000000000048 T bsdExit
000000000000bda0 0000000000000008 T bsdSocket
000000000000bdb0 00000000000001c8 T bsdOpen
000000000000bf80 0000000000000250 T bsdPoll
000000000000c1d0 00000000000001bc T bsdRecv
000000000000c390 0000000000000008 T bsdAccept
000000000000c3a0 0000000000000008 T bsdBind
000000000000c3b0 0000000000000140 T bsdListen
000000000000c4f0 00000000000001c4 T bsdSetSockOpt
000000000000c6c0 00000000000001bc T bsdWrite
000000000000c880 00000000000001b0 T bsdRead
000000000000ca30 0000000000000134 T bsdClose
000000000000cb70 0000000000000314 W argvSetup
000000000000ce90 00000000000001fc T __nx_dynamic
000000000000d090 000000000000002c W __libnx_init
000000000000d0c0 000000000000001c W __libnx_exit
000000000000d0e0 000000000000001c T __syscall_exit
000000000000d100 0000000000000034 T __syscall_getreent
000000000000d140 0000000000000004 T __syscall_lock_acquire
000000000000d150 0000000000000004 T __syscall_lock_release
000000000000d160 0000000000000004 T __syscall_lock_acquire_recursive
000000000000d170 0000000000000004 T __syscall_lock_release_recursive
000000000000d180 0000000000000098 T newlibSetup
000000000000d220 00000000000000e8 T nxlinkSetup
000000000000d310 0000000000000030 T _convert_errno
000000000000d340 W __libnx_exception_entry
000000000000d3cc t __libnx_exception_entry_start
000000000000d4f4 t __libnx_exception_entry_abort
000000000000d4f8 t __libnx_exception_entry_end
000000000000d500 T __libnx_exception_returnentry
000000000000d520 0000000000000070 T condvarWaitTimeout
000000000000d590 0000000000000184 T sessionmgrCreate
000000000000d720 0000000000000084 T sessionmgrClose
000000000000d7b0 00000000000000a8 T sessionmgrAttachClient
000000000000d860 0000000000000060 T sessionmgrDetachClient
000000000000d8c0 0000000000000d24 t __addtf3
000000000000e600 00000000000008d8 t __multf3
000000000000eee0 0000000000000130 t __fixtfdi
000000000000f020 00000000000000f4 t __fixunstfdi
000000000000f120 0000000000000098 t __floatunditf
000000000000f1c0 0000000000000070 t __sfp_handle_exceptions
000000000000f240 0000000000000104 T memset
000000000000f380 0000000000000134 T strcmp
000000000000f4c0 00000000000001b4 T strncmp
000000000000f680 000000000000001c t stdio_exit_handler
000000000000f6a0 000000000000006c t cleanup_stdio
000000000000f720 0000000000000134 t global_stdio_init.part.0
000000000000f860 000000000000000c T __sfp_lock_acquire
000000000000f880 000000000000000c T __sfp_lock_release
000000000000f8a0 0000000000000054 T __sinit
000000000000f900 00000000000001a4 t _strtoul_l.isra.0
000000000000fac0 0000000000000040 T strtoul
000000000000fb00 00000000000000a4 T __libc_init_array
000000000000fbc0 0000000000000098 T _fwalk_sglue
000000000000fc60 0000000000000014 T __errno
000000000000fc80 000000000000002c T calloc
000000000000fcc0 000000000000002c T aligned_alloc
000000000000fd00 00000000000000d4 T _puts_r
000000000000fde0 000000000000001c T puts
000000000000fe00 000000000000022c T memcpy
000000000000fe00 T memmove
0000000000010040 00000000000000bc T _calloc_r
0000000000010100 000000000000002c T realloc
0000000000010140 0000000000000020 T putchar
0000000000010160 0000000000000840 T _malloc_r
00000000000109a0 000000000000011c T _malloc_trim_r
0000000000010ac0 00000000000002d8 T _free_r
0000000000010da0 0000000000000034 T strtok
0000000000010de0 0000000000000080 T printf
0000000000010e60 00000000000002c0 t _strtol_l.part.0
0000000000011120 0000000000000078 T strtol
00000000000111a0 0000000000000038 T malloc
00000000000111e0 000000000000001c T free
0000000000011200 00000000000001ec T __sflush_r
0000000000011400 00000000000000bc T _fflush_r
00000000000114c0 000000000000003c T fflush
0000000000011500 0000000000000130 T strlen
0000000000011640 0000000000000568 T _realloc_r
0000000000011bc0 000000000000000c T __malloc_lock
0000000000011be0 000000000000000c T __malloc_unlock
0000000000011c00 0000000000000004 W __call_exitprocs
0000000000011c20 00000000000000a8 T __strtok_r
0000000000011ce0 000000000000001c T close
0000000000011d00 00000000000000ac T strncpy
0000000000011dc0 00000000000004a4 T __sfvwrite_r
0000000000012280 000000000000004c T __sread
00000000000122e0 0000000000000070 T __swrite
0000000000012360 0000000000000050 T __sseek
00000000000123c0 0000000000000008 T __sclose
00000000000123e0 0000000000000130 T _fclose_r
0000000000012520 000000000000018c T _memalign_r
00000000000126c0 00000000000000dc T memchr
00000000000127a0 00000000000000e4 T _putc_r
00000000000128c0 00000000000000cc T strchr
000000000001298c 0000000000000790 t get_arg
000000000001311c 0000000000003bd4 T _vfprintf_r
0000000000016cf0 00000000000000d0 t __sbprintf
0000000000016dc0 00000000000001a4 t quorem
0000000000016f80 0000000000001320 T _dtoa_r
00000000000182a0 00000000000000d0 T _wcrtomb_r
0000000000018380 0000000000000044 T __libc_fini_array
00000000000183e0 0000000000000010 T _wcsrtombs_r
0000000000018400 000000000000012c T __swsetup_r
0000000000018540 000000000000007c T frexp
00000000000185c0 0000000000000064 T __assert_func
0000000000018640 00000000000000a4 T _Balloc
0000000000018700 0000000000000020 T _Bfree
0000000000018720 0000000000000118 T __multadd
0000000000018840 0000000000000094 T __hi0bits
00000000000188e0 0000000000000100 T __lo0bits
00000000000189e0 000000000000004c T __i2b
0000000000018a40 0000000000000210 T __multiply
0000000000018c60 0000000000000104 T __pow5mult
0000000000018d80 0000000000000174 T __lshift
0000000000018f00 0000000000000050 T __mcmp
0000000000018f60 00000000000001c4 T __mdiff
0000000000019140 000000000000014c T __d2b
00000000000192a0 000000000000002c T __locale_mb_cur_max
00000000000192e0 0000000000000080 T fiprintf
0000000000019360 0000000000000118 T __swbuf_r
0000000000019480 0000000000000188 T _wcsnrtombs_l
0000000000019620 0000000000000054 T _wcsnrtombs_r
0000000000019680 00000000000002dc T __utf8_mbtowc
0000000000019960 0000000000000038 T __sprint_r
00000000000199a0 0000000000000018 T abort
00000000000199c0 0000000000000008 T __localeconv_l
00000000000199e0 0000000000000028 T _localeconv_r
0000000000019a20 00000000000000b0 T __swhatbuf_r
0000000000019ae0 00000000000000e8 T __smakebuf_r
0000000000019be0 00000000000000e0 T __utf8_wctomb
0000000000019cc0 000000000000009c T _raise_r
0000000000019d60 000000000000001c T raise
0000000000019d7c 0000000000000790 t get_arg
000000000001a50c 0000000000002964 T _vfiprintf_r
000000000001ce70 00000000000000d0 t __sbprintf
000000000001cf40 0000000000000020 T _exit
000000000001cf60 000000000000009c T _fstat_r
000000000001d000 0000000000000010 T _getpid_r
000000000001d020 0000000000000020 T __getreent
000000000001d040 00000000000000a0 T __release_handle
000000000001d0e0 0000000000000130 T __alloc_handle
000000000001d220 0000000000000060 T __get_handle
000000000001d280 000000000000013c T dup2
000000000001d3c0 00000000000000f4 T _close_r
000000000001d4c0 0000000000000008 t null_write
000000000001d4e0 0000000000000110 T FindDevice
000000000001d600 0000000000000034 T RemoveDevice
000000000001d640 00000000000000c4 T AddDevice
000000000001d720 0000000000000008 T _isatty_r
000000000001d740 0000000000000010 T _kill_r
000000000001d760 00000000000000a0 T _lseek_r
000000000001d800 00000000000000b0 T _read_r
000000000001d8c0 0000000000000078 W _sbrk_r
000000000001d940 0000000000000014 T __libc_lock_acquire
000000000001d960 0000000000000014 T __libc_lock_release
000000000001d980 0000000000000014 T __libc_lock_acquire_recursive
000000000001d9a0 0000000000000014 T __libc_lock_release_recursive
000000000001d9c0 00000000000000b0 T _write_r
000000000001da80 0000000000000380 t __trunctfdf2
000000000001de00 T _init
000000000001de38 T _fini
000000000001ea30 0000000000000048 r breathingpattern
000000000001ea78 0000000000000048 r flashpattern
000000000001eac0 0000000000000058 r g_hiddbgDeviceTypeInternalTable
000000000001eb30 000000000000003c r g_nacpLanguageTable
000000000001eb70 0000000000000024 r g_defaultSocketInitConfig
000000000001eb98 0000000000000038 r g_defaultBsdInitConfig
000000000001ebe0 0000000000000086 r _error_code_map
000000000001ec68 0000000000000101 R _ctype_
000000000001eea0 0000000000000010 r zeroes.0
000000000001eeb0 0000000000000010 r blanks.1
000000000001eed8 000000000000006c R __action_table
000000000001ef48 000000000000006c R __state_table
000000000001efb8 0000000000000100 R __chclass
000000000001f0b8 000000000000000c r p05.0
000000000001f0c8 0000000000000028 R __mprec_bigtens
000000000001f0f0 00000000000000c8 R __mprec_tens
000000000001f2b0 0000000000000010 r zeroes.0
000000000001f2c0 0000000000000010 r blanks.1
000000000001f2d0 r __tls_align
000000000001f2d8 r __EH_FRAME_BEGIN__
000000000001f2d8 r __eh_frame_hdr_end
000000000001f2d8 r __eh_frame_hdr_start
0000000000023264 r __FRAME_END__
0000000000024000 d __frame_dummy_init_array_entry
0000000000024000 d __init_array_start
0000000000024000 d __preinit_array_end
0000000000024000 d __preinit_array_start
0000000000024000 d __relro_start
0000000000024008 d __do_global_dtors_aux_fini_array_entry
0000000000024008 d __fini_array_start
0000000000024008 d __init_array_end
0000000000024010 d __fini_array_end
0000000000024010 0000000000000030 d servarray.0
0000000000024040 0000000000000100 d g_socketDevoptab
0000000000024140 0000000000000100 D dotab_stdnull
0000000000024240 a _DYNAMIC
0000000000024390 a _GLOBAL_OFFSET_TABLE_
0000000000024390 d __got_start__
00000000000245d0 d __got_end__
0000000000025000 d __data_start
0000000000025000 0000000000000008 D workmem_size
0000000000025008 0000000000000004 D controllerInitializedType
000000000002500c 0000000000000004 D frameAdvanceWaitTimeNs
0000000000025010 0000000000000008 D buttonClickSleepTime
0000000000025018 0000000000000008 D pollRate
0000000000025020 0000000000000008 D keyPressSleepTime
0000000000025028 0000000000000004 D fingerDiameter
0000000000025030 0000000000000008 D freezeRate
0000000000025038 0000000000000008 D mainLoopSleepTime
0000000000025040 0000000000000004 D fd_size
0000000000025044 0000000000000004 D __nx_applet_type
0000000000025048 0000000000000004 d g_deviceState
000000000002504c 0000000000000004 d g_viServiceType
0000000000025050 0000000000000008 V __nx_pollfd_sb_max_fds
0000000000025058 0000000000000008 d g_bsdClientPid
0000000000025060 0000000000000008 V __nx_exception_stack_size
0000000000025068 0000000000000018 D __sglue
0000000000025080 0000000000000008 D __malloc_sbrk_base
0000000000025088 0000000000000008 D __malloc_trim_threshold
0000000000025090 0000000000000810 D __malloc_av_
00000000000258a0 0000000000000008 D _impure_ptr
00000000000258a8 0000000000000180 D _impure_data
0000000000025a28 00000000000001a8 D __global_locale
0000000000025be0 0000000000002000 d handles
0000000000027be0 0000000000000010 d __stderr_handle
0000000000027bf0 0000000000000010 d __stdout_handle
0000000000027c00 0000000000000010 d __stdin_handle
0000000000027c10 0000000000000118 D devoptab_list
0000000000027d28 0000000000000004 d defaultDevice
0000000000027d30 d __tdata_lma
0000000000027d30 d __tdata_lma_end
0000000000027d40 b __bss_start__
0000000000027d40 b completed.1
0000000000027d48 b object.0
0000000000027d80 0000000000000008 B workmem
0000000000027d88 0000000000000001 B initflag
0000000000027d90 0000000000000014 B controllerDevice
0000000000027db0 0000000000000040 B controllerState
0000000000027df0 0000000000000008 B sessionId
0000000000027df8 0000000000000008 B controllerHandle
0000000000027e00 0000000000000028 B dummyKeyboardState
0000000000027e28 0000000000000001 B bControllerIsInitialised
0000000000027e2c 0000000000000004 B debughandle
0000000000027e30 0000000000000050 B disp
0000000000027e80 000000000000000c B vsyncEvent
0000000000027e90 0000000000000008 B freezes
0000000000027ea0 0000000000000004 B freezeMutex
0000000000027ea4 0000000000000004 B freeze_thr_state
0000000000027ea8 0000000000000004 B touchMutex
0000000000027eac 0000000000000001 B touchToken
0000000000027eb0 0000000000000004 B keyMutex
0000000000027eb4 0000000000000001 B clickThreadState
0000000000027eb8 0000000000000008 B currentClick
0000000000027ec0 0000000000000004 B clickMutex
0000000000027ec4 0000000000000001 B clickToken
0000000000027ed0 0000000000000020 B currentTouchEvent
0000000000027ef0 0000000000000018 B currentKeyEvent
0000000000027f08 0000000000000001 B echoCommands
0000000000027f09 0000000000000001 B debugResultCodes
0000000000027f0c 0000000000000004 B fd_count
0000000000027f10 0000000000000038 B freezeThread
0000000000027f48 0000000000000038 B touchThread
0000000000027f80 0000000000000038 B keyboardThread
0000000000027fb8 0000000000000038 B clickThread
0000000000027ff0 0000000000480000 b inner_heap.0
00000000004a7ff0 00000000000000d8 b g_tlsDestructors
00000000004a80c8 0000000000000008 b g_tlsUsageMask
00000000004a80d0 0000000000000038 b g_mainThread
00000000004a8108 0000000000000008 b g_threadList
00000000004a8110 0000000000000004 b g_threadMutex
00000000004a8114 0000000000000001 b g_IsLegacyKernel
00000000004a8118 0000000000000008 b g_Reservations
00000000004a8120 0000000000000010 b g_StackRegion
00000000004a8130 0000000000000010 b g_AslrRegion
00000000004a8140 0000000000000010 b g_HeapRegion
00000000004a8150 0000000000000010 b g_AliasRegion
00000000004a8160 0000000000000004 b g_VirtmemMutex
00000000004a8168 0000000000000008 b g_audoutGuard
00000000004a8170 0000000000000004 b g_pcmFormat
00000000004a8174 0000000000000004 b g_channelCount
00000000004a8178 0000000000000004 b g_sampleRate
00000000004a8180 000000000000000c b g_audoutBufferEvent
00000000004a8190 0000000000000010 b g_audoutIAudioOut
00000000004a81a0 0000000000000010 b g_audoutSrv
00000000004a81b0 0000000000000008 b g_capsscGuard
00000000004a81b8 0000000000000010 b g_capsscSrv
00000000004a81c8 0000000000000008 b g_hiddbgGuard
00000000004a81d0 0000000000000008 b g_hiddbgHdlsWorkmem
00000000004a81d8 0000000000000028 b g_hiddbgHdlsTmem
00000000004a8200 0000000000000001 b g_hiddbgHdlsInitialized
00000000004a8208 0000000000000010 b g_hiddbgSrv
00000000004a8218 0000000000000008 b g_hidsysGuard
00000000004a8220 0000000000000008 b g_hidsysAppletResourceUserId
00000000004a8228 0000000000000010 b g_hidsysSrv
00000000004a8238 0000000000000008 b g_lblGuard
00000000004a8240 0000000000000010 b g_lblSrv
00000000004a8250 0000000000000008 b g_ldrDmntGuard
00000000004a8258 0000000000000010 b g_ldrDmntSrv
00000000004a8268 0000000000000008 b g_nsGuard
00000000004a8270 0000000000000010 b g_nsGetterSrv
00000000004a8280 0000000000000010 b g_nsAppManSrv
00000000004a8290 0000000000000008 b g_pminfoGuard
00000000004a8298 0000000000000010 b g_pminfoSrv
00000000004a82a8 0000000000000008 b g_pmdmntGuard
00000000004a82b0 0000000000000010 b g_pmdmntSrv
00000000004a82c0 0000000000000008 b g_psmGuard
00000000004a82c8 0000000000000010 b g_psmSrv
00000000004a82d8 0000000000000008 b g_setsysGuard
00000000004a82e0 0000000000000008 b g_setGuard
00000000004a82e8 0000000000000004 b g_setLanguageCodesTotal
00000000004a8300 0000000000000200 b g_setLanguageCodes
00000000004a8500 0000000000000001 b g_setLanguageCodesInitialized
00000000004a8508 0000000000000010 b g_setsysSrv
00000000004a8518 0000000000000010 b g_setSrv
00000000004a8528 0000000000000008 b g_smGuard
00000000004a8530 0000000000000008 b g_smOverridesNum
00000000004a8538 0000000000000180 b g_smOverrides
00000000004a86b8 0000000000000010 b g_smSrv
00000000004a86c8 0000000000000008 b g_viGuard
00000000004a86d0 0000000000000010 b g_viIHOSBinderDriverIndirect
00000000004a86e0 0000000000000010 b g_viIManagerDisplayService
00000000004a86f0 0000000000000010 b g_viISystemDisplayService
00000000004a8700 0000000000000010 b g_viIHOSBinderDriverRelay
00000000004a8710 0000000000000010 b g_viIApplicationDisplayService
00000000004a8720 0000000000000010 b g_viRootService
00000000004a8730 0000000000000008 b g_userIdStorage
00000000004a8740 0000000000000010 b g_randomSeed
00000000004a8750 0000000000000001 b g_hasRandomSeed
00000000004a8754 0000000000000004 b g_lastLoadResult
00000000004a8758 0000000000000008 b g_nextLoadArgv
00000000004a8760 0000000000000008 b g_nextLoadPath
00000000004a8768 0000000000000004 b g_processHandle
00000000004a8770 0000000000000018 b g_syscallHints
00000000004a8788 0000000000000008 b g_overrideArgv
00000000004a8790 0000000000000008 b g_overrideHeapSize
00000000004a8798 0000000000000008 b g_overrideHeapAddr
00000000004a87a0 0000000000000008 b g_loaderRetAddr
00000000004a87a8 0000000000000004 b g_mainThreadHandle
00000000004a87b0 0000000000000008 b g_loaderInfoSize
00000000004a87b8 0000000000000008 b g_loaderInfo
00000000004a87c0 0000000000000001 b g_isNso
00000000004a87c4 0000000000000004 b g_hosVersion
00000000004a87c8 B __stack_top
00000000004a87d0 0000000000000004 b g_randMutex
00000000004a87d4 0000000000000001 b g_randInit
00000000004a87e0 0000000000000040 b g_chacha
00000000004a8820 0000000000000008 b g_appletResourceUserId
00000000004a8828 0000000000000008 b g_bsdGuard
00000000004a8830 0000000000000028 b g_bsdTmem
00000000004a8860 0000000000000054 b g_bsdSessionMgr
00000000004a88b8 0000000000000010 b g_bsdMonitor
00000000004a88c8 0000000000000010 b g_bsdSrv
00000000004a88d8 0000000000000008 b g_argv_empty
00000000004a88e0 0000000000000008 B __system_argv
00000000004a88e8 0000000000000004 B __system_argc
00000000004a88f0 0000000000000340 B __nx_exceptiondump
00000000004a8c30 0000000000000004 V __nx_exception_ignoredebug
00000000004a8c40 0000000000000400 V __nx_exception_stack
00000000004a9040 0000000000000004 B __nxlink_host
00000000004a9048 000000000000000c b __sfp_recursive_mutex
00000000004a9058 0000000000000228 B __sf
00000000004a9280 0000000000000008 B __stdio_exit_handler
00000000004a9288 0000000000000050 B __malloc_current_mallinfo
00000000004a92d8 0000000000000008 B __malloc_max_total_mem
00000000004a92e0 0000000000000008 B __malloc_max_sbrked_mem
00000000004a92e8 0000000000000008 B __malloc_top_pad
00000000004a92f0 000000000000000c b __malloc_recursive_mutex
00000000004a92fc 0000000000000004 b __hndl_lock
00000000004a9300 0000000000000008 B fake_heap_start
00000000004a9308 0000000000000008 B fake_heap_end
00000000004a9310 0000000000000008 b heap_start.0
00000000004a9318 b __tls_start
00000000004a9320 b __bss_end__
00000000004a9320 b __end__
00000000004a9320 b __tls_end
00000000004aa000 b __argdata__
